<?xml version="1.0" encoding="UTF-8"?>
<!-- Generated by org.testng.reporters.JUnitReportReporter -->
<testsuite hostname="DESKTOP-HP1LDL6" failures="0" tests="1" name="com.infosys.ea.musicdata.MusicGetSele" time="5.659" errors="0" timestamp="2023-03-21T23:07:06 IST" skipped="0">
  <testcase classname="com.infosys.ea.musicdata.MusicGetSele" name="getSelected" time="5.659"/>
  <system-out/>
</testsuite> <!-- com.infosys.ea.musicdata.MusicGetSele -->
