<?xml version="1.0" encoding="UTF-8"?>
<!-- Generated by org.testng.reporters.JUnitReportReporter -->
<testsuite hostname="DESKTOP-HP1LDL6" failures="0" tests="1" name="com.infosys.ea.musicdata.MusicDataList" time="0.485" errors="0" timestamp="2023-03-21T22:18:10 IST" skipped="0">
  <testcase classname="com.infosys.ea.musicdata.MusicDataList" name="getAllData" time="0.485"/>
  <system-out/>
</testsuite> <!-- com.infosys.ea.musicdata.MusicDataList -->
